{"C:\\Users\\boude\\OneDrive\\Desktop\\Online class File\\PatientCareNode\\_mocks_\\patientModel.js": {"path":"C:\\Users\\boude\\OneDrive\\Desktop\\Online class File\\PatientCareNode\\_mocks_\\patientModel.js","statementMap":{"0":{"start":{"line":1,"column":25},"end":{"line":10,"column":3}}},"fnMap":{},"branchMap":{},"s":{"0":1},"f":{},"b":{},"_coverageSchema":"1a1c01bbd47fc00a2c39e90264f33305004495a9","hash":"dbf515750e43cffeb632fbe516c7ac0fcf21607d"}
,"C:\\Users\\boude\\OneDrive\\Desktop\\Online class File\\PatientCareNode\\controller\\patientController.js": {"path":"C:\\Users\\boude\\OneDrive\\Desktop\\Online class File\\PatientCareNode\\controller\\patientController.js","statementMap":{"0":{"start":{"line":5,"column":19},"end":{"line":13,"column":1}},"1":{"start":{"line":6,"column":2},"end":{"line":12,"column":3}},"2":{"start":{"line":7,"column":20},"end":{"line":7,"column":41}},"3":{"start":{"line":8,"column":4},"end":{"line":8,"column":25}},"4":{"start":{"line":9,"column":4},"end":{"line":9,"column":34}},"5":{"start":{"line":11,"column":4},"end":{"line":11,"column":51}},"6":{"start":{"line":16,"column":22},"end":{"line":31,"column":1}},"7":{"start":{"line":17,"column":2},"end":{"line":30,"column":3}},"8":{"start":{"line":18,"column":19},"end":{"line":18,"column":29}},"9":{"start":{"line":19,"column":24},"end":{"line":19,"column":32}},"10":{"start":{"line":21,"column":20},"end":{"line":21,"column":83}},"11":{"start":{"line":23,"column":4},"end":{"line":25,"column":5}},"12":{"start":{"line":24,"column":6},"end":{"line":24,"column":68}},"13":{"start":{"line":27,"column":4},"end":{"line":27,"column":22}},"14":{"start":{"line":29,"column":4},"end":{"line":29,"column":51}},"15":{"start":{"line":34,"column":23},"end":{"line":41,"column":1}},"16":{"start":{"line":35,"column":2},"end":{"line":40,"column":3}},"17":{"start":{"line":36,"column":21},"end":{"line":36,"column":41}},"18":{"start":{"line":37,"column":4},"end":{"line":37,"column":23}},"19":{"start":{"line":39,"column":4},"end":{"line":39,"column":51}},"20":{"start":{"line":44,"column":23},"end":{"line":52,"column":1}},"21":{"start":{"line":45,"column":2},"end":{"line":51,"column":3}},"22":{"start":{"line":46,"column":20},"end":{"line":46,"column":57}},"23":{"start":{"line":47,"column":4},"end":{"line":47,"column":80}},"24":{"start":{"line":47,"column":18},"end":{"line":47,"column":80}},"25":{"start":{"line":48,"column":4},"end":{"line":48,"column":22}},"26":{"start":{"line":50,"column":4},"end":{"line":50,"column":51}},"27":{"start":{"line":54,"column":22},"end":{"line":71,"column":1}},"28":{"start":{"line":55,"column":2},"end":{"line":70,"column":3}},"29":{"start":{"line":56,"column":19},"end":{"line":56,"column":29}},"30":{"start":{"line":59,"column":27},"end":{"line":59,"column":62}},"31":{"start":{"line":62,"column":4},"end":{"line":64,"column":5}},"32":{"start":{"line":63,"column":6},"end":{"line":63,"column":68}},"33":{"start":{"line":67,"column":4},"end":{"line":67,"column":86}},"34":{"start":{"line":69,"column":4},"end":{"line":69,"column":51}},"35":{"start":{"line":73,"column":26},"end":{"line":89,"column":1}},"36":{"start":{"line":74,"column":2},"end":{"line":88,"column":3}},"37":{"start":{"line":75,"column":17},"end":{"line":79,"column":6}},"38":{"start":{"line":80,"column":4},"end":{"line":80,"column":22}},"39":{"start":{"line":83,"column":4},"end":{"line":83,"column":56}},"40":{"start":{"line":85,"column":4},"end":{"line":85,"column":31}},"41":{"start":{"line":87,"column":4},"end":{"line":87,"column":51}},"42":{"start":{"line":92,"column":27},"end":{"line":99,"column":1}},"43":{"start":{"line":93,"column":2},"end":{"line":98,"column":3}},"44":{"start":{"line":94,"column":18},"end":{"line":94,"column":82}},"45":{"start":{"line":95,"column":4},"end":{"line":95,"column":20}},"46":{"start":{"line":97,"column":4},"end":{"line":97,"column":51}},"47":{"start":{"line":102,"column":26},"end":{"line":118,"column":1}},"48":{"start":{"line":103,"column":2},"end":{"line":117,"column":3}},"49":{"start":{"line":104,"column":20},"end":{"line":104,"column":57}},"50":{"start":{"line":105,"column":4},"end":{"line":105,"column":80}},"51":{"start":{"line":105,"column":18},"end":{"line":105,"column":80}},"52":{"start":{"line":107,"column":18},"end":{"line":107,"column":82}},"53":{"start":{"line":109,"column":20},"end":{"line":112,"column":5}},"54":{"start":{"line":114,"column":4},"end":{"line":114,"column":22}},"55":{"start":{"line":116,"column":4},"end":{"line":116,"column":51}},"56":{"start":{"line":121,"column":28},"end":{"line":128,"column":1}},"57":{"start":{"line":122,"column":2},"end":{"line":127,"column":3}},"58":{"start":{"line":123,"column":29},"end":{"line":123,"column":76}},"59":{"start":{"line":124,"column":4},"end":{"line":124,"column":31}},"60":{"start":{"line":126,"column":4},"end":{"line":126,"column":51}},"61":{"start":{"line":131,"column":39},"end":{"line":161,"column":1}},"62":{"start":{"line":132,"column":22},"end":{"line":132,"column":91}},"63":{"start":{"line":134,"column":2},"end":{"line":160,"column":3}},"64":{"start":{"line":135,"column":23},"end":{"line":135,"column":37}},"65":{"start":{"line":136,"column":21},"end":{"line":136,"column":26}},"66":{"start":{"line":139,"column":4},"end":{"line":156,"column":5}},"67":{"start":{"line":141,"column":38},"end":{"line":141,"column":77}},"68":{"start":{"line":142,"column":8},"end":{"line":142,"column":90}},"69":{"start":{"line":143,"column":8},"end":{"line":143,"column":14}},"70":{"start":{"line":145,"column":21},"end":{"line":145,"column":45}},"71":{"start":{"line":146,"column":8},"end":{"line":146,"column":44}},"72":{"start":{"line":147,"column":8},"end":{"line":147,"column":14}},"73":{"start":{"line":149,"column":28},"end":{"line":149,"column":52}},"74":{"start":{"line":150,"column":8},"end":{"line":150,"column":38}},"75":{"start":{"line":151,"column":8},"end":{"line":151,"column":14}},"76":{"start":{"line":153,"column":26},"end":{"line":153,"column":50}},"77":{"start":{"line":154,"column":8},"end":{"line":154,"column":55}},"78":{"start":{"line":155,"column":8},"end":{"line":155,"column":14}},"79":{"start":{"line":159,"column":4},"end":{"line":159,"column":82}}},"fnMap":{"0":{"name":"(anonymous_0)","decl":{"start":{"line":5,"column":19},"end":{"line":5,"column":20}},"loc":{"start":{"line":5,"column":39},"end":{"line":13,"column":1}},"line":5},"1":{"name":"(anonymous_1)","decl":{"start":{"line":16,"column":22},"end":{"line":16,"column":23}},"loc":{"start":{"line":16,"column":42},"end":{"line":31,"column":1}},"line":16},"2":{"name":"(anonymous_2)","decl":{"start":{"line":34,"column":23},"end":{"line":34,"column":24}},"loc":{"start":{"line":34,"column":43},"end":{"line":41,"column":1}},"line":34},"3":{"name":"(anonymous_3)","decl":{"start":{"line":44,"column":23},"end":{"line":44,"column":24}},"loc":{"start":{"line":44,"column":43},"end":{"line":52,"column":1}},"line":44},"4":{"name":"(anonymous_4)","decl":{"start":{"line":54,"column":22},"end":{"line":54,"column":23}},"loc":{"start":{"line":54,"column":42},"end":{"line":71,"column":1}},"line":54},"5":{"name":"(anonymous_5)","decl":{"start":{"line":73,"column":26},"end":{"line":73,"column":27}},"loc":{"start":{"line":73,"column":46},"end":{"line":89,"column":1}},"line":73},"6":{"name":"(anonymous_6)","decl":{"start":{"line":92,"column":27},"end":{"line":92,"column":28}},"loc":{"start":{"line":92,"column":47},"end":{"line":99,"column":1}},"line":92},"7":{"name":"(anonymous_7)","decl":{"start":{"line":102,"column":26},"end":{"line":102,"column":27}},"loc":{"start":{"line":102,"column":46},"end":{"line":118,"column":1}},"line":102},"8":{"name":"(anonymous_8)","decl":{"start":{"line":121,"column":28},"end":{"line":121,"column":29}},"loc":{"start":{"line":121,"column":48},"end":{"line":128,"column":1}},"line":121},"9":{"name":"(anonymous_9)","decl":{"start":{"line":131,"column":39},"end":{"line":131,"column":40}},"loc":{"start":{"line":131,"column":60},"end":{"line":161,"column":1}},"line":131}},"branchMap":{"0":{"loc":{"start":{"line":23,"column":4},"end":{"line":25,"column":5}},"type":"if","locations":[{"start":{"line":23,"column":4},"end":{"line":25,"column":5}},{"start":{},"end":{}}],"line":23},"1":{"loc":{"start":{"line":47,"column":4},"end":{"line":47,"column":80}},"type":"if","locations":[{"start":{"line":47,"column":4},"end":{"line":47,"column":80}},{"start":{},"end":{}}],"line":47},"2":{"loc":{"start":{"line":62,"column":4},"end":{"line":64,"column":5}},"type":"if","locations":[{"start":{"line":62,"column":4},"end":{"line":64,"column":5}},{"start":{},"end":{}}],"line":62},"3":{"loc":{"start":{"line":105,"column":4},"end":{"line":105,"column":80}},"type":"if","locations":[{"start":{"line":105,"column":4},"end":{"line":105,"column":80}},{"start":{},"end":{}}],"line":105},"4":{"loc":{"start":{"line":134,"column":2},"end":{"line":160,"column":3}},"type":"if","locations":[{"start":{"line":134,"column":2},"end":{"line":160,"column":3}},{"start":{},"end":{}}],"line":134},"5":{"loc":{"start":{"line":139,"column":4},"end":{"line":156,"column":5}},"type":"switch","locations":[{"start":{"line":140,"column":6},"end":{"line":143,"column":14}},{"start":{"line":144,"column":6},"end":{"line":147,"column":14}},{"start":{"line":148,"column":6},"end":{"line":151,"column":14}},{"start":{"line":152,"column":6},"end":{"line":155,"column":14}}],"line":139},"6":{"loc":{"start":{"line":142,"column":21},"end":{"line":142,"column":89}},"type":"binary-expr","locations":[{"start":{"line":142,"column":21},"end":{"line":142,"column":35}},{"start":{"line":142,"column":39},"end":{"line":142,"column":52}},{"start":{"line":142,"column":56},"end":{"line":142,"column":71}},{"start":{"line":142,"column":75},"end":{"line":142,"column":89}}],"line":142},"7":{"loc":{"start":{"line":146,"column":21},"end":{"line":146,"column":43}},"type":"binary-expr","locations":[{"start":{"line":146,"column":21},"end":{"line":146,"column":30}},{"start":{"line":146,"column":34},"end":{"line":146,"column":43}}],"line":146},"8":{"loc":{"start":{"line":154,"column":21},"end":{"line":154,"column":54}},"type":"binary-expr","locations":[{"start":{"line":154,"column":21},"end":{"line":154,"column":36}},{"start":{"line":154,"column":40},"end":{"line":154,"column":54}}],"line":154}},"s":{"0":1,"1":0,"2":0,"3":0,"4":0,"5":0,"6":1,"7":3,"8":3,"9":3,"10":3,"11":2,"12":1,"13":1,"14":1,"15":1,"16":1,"17":1,"18":1,"19":0,"20":1,"21":1,"22":1,"23":1,"24":0,"25":1,"26":0,"27":1,"28":1,"29":1,"30":1,"31":1,"32":0,"33":1,"34":0,"35":1,"36":0,"37":0,"38":0,"39":0,"40":0,"41":0,"42":1,"43":1,"44":1,"45":1,"46":0,"47":1,"48":1,"49":1,"50":1,"51":0,"52":1,"53":1,"54":1,"55":0,"56":1,"57":1,"58":1,"59":1,"60":0,"61":1,"62":0,"63":0,"64":0,"65":0,"66":0,"67":0,"68":0,"69":0,"70":0,"71":0,"72":0,"73":0,"74":0,"75":0,"76":0,"77":0,"78":0,"79":0},"f":{"0":0,"1":3,"2":1,"3":1,"4":1,"5":0,"6":1,"7":1,"8":1,"9":0},"b":{"0":[1,1],"1":[0,1],"2":[0,1],"3":[0,1],"4":[0,0],"5":[0,0,0,0],"6":[0,0,0,0],"7":[0,0],"8":[0,0]},"_coverageSchema":"1a1c01bbd47fc00a2c39e90264f33305004495a9","hash":"4d6839305d167ff33e8d0284b24e57f3fd03e67b"}
,"C:\\Users\\boude\\OneDrive\\Desktop\\Online class File\\PatientCareNode\\model\\patientModel.js": {"path":"C:\\Users\\boude\\OneDrive\\Desktop\\Online class File\\PatientCareNode\\model\\patientModel.js","statementMap":{"0":{"start":{"line":4,"column":22},"end":{"line":14,"column":2}}},"fnMap":{},"branchMap":{},"s":{"0":1},"f":{},"b":{},"_coverageSchema":"1a1c01bbd47fc00a2c39e90264f33305004495a9","hash":"5c64fb4e21266158f6de0a1a6f18d6bee1ff7abf"}
,"C:\\Users\\boude\\OneDrive\\Desktop\\Online class File\\PatientCareNode\\model\\testsModel.js": {"path":"C:\\Users\\boude\\OneDrive\\Desktop\\Online class File\\PatientCareNode\\model\\testsModel.js","statementMap":{"0":{"start":{"line":4,"column":19},"end":{"line":20,"column":2}}},"fnMap":{},"branchMap":{},"s":{"0":1},"f":{},"b":{},"_coverageSchema":"1a1c01bbd47fc00a2c39e90264f33305004495a9","hash":"72e01a3a818d6b296cdc61ec7d380c8333e89f19"}
}
