TN:
SF:_mocks_\patientModel.js
FNF:0
FNH:0
DA:1,1
LF:1
LH:1
BRF:0
BRH:0
end_of_record
TN:
SF:controller\patientController.js
FN:5,(anonymous_0)
FN:16,(anonymous_1)
FN:34,(anonymous_2)
FN:44,(anonymous_3)
FN:54,(anonymous_4)
FN:73,(anonymous_5)
FN:92,(anonymous_6)
FN:102,(anonymous_7)
FN:121,(anonymous_8)
FN:131,(anonymous_9)
FNF:10
FNH:7
FNDA:0,(anonymous_0)
FNDA:3,(anonymous_1)
FNDA:1,(anonymous_2)
FNDA:1,(anonymous_3)
FNDA:1,(anonymous_4)
FNDA:0,(anonymous_5)
FNDA:1,(anonymous_6)
FNDA:1,(anonymous_7)
FNDA:1,(anonymous_8)
FNDA:0,(anonymous_9)
DA:5,1
DA:6,0
DA:7,0
DA:8,0
DA:9,0
DA:11,0
DA:16,1
DA:17,3
DA:18,3
DA:19,3
DA:21,3
DA:23,2
DA:24,1
DA:27,1
DA:29,1
DA:34,1
DA:35,1
DA:36,1
DA:37,1
DA:39,0
DA:44,1
DA:45,1
DA:46,1
DA:47,1
DA:48,1
DA:50,0
DA:54,1
DA:55,1
DA:56,1
DA:59,1
DA:62,1
DA:63,0
DA:67,1
DA:69,0
DA:73,1
DA:74,0
DA:75,0
DA:80,0
DA:83,0
DA:85,0
DA:87,0
DA:92,1
DA:93,1
DA:94,1
DA:95,1
DA:97,0
DA:102,1
DA:103,1
DA:104,1
DA:105,1
DA:107,1
DA:109,1
DA:114,1
DA:116,0
DA:121,1
DA:122,1
DA:123,1
DA:124,1
DA:126,0
DA:131,1
DA:132,0
DA:134,0
DA:135,0
DA:136,0
DA:139,0
DA:141,0
DA:142,0
DA:143,0
DA:145,0
DA:146,0
DA:147,0
DA:149,0
DA:150,0
DA:151,0
DA:153,0
DA:154,0
DA:155,0
DA:159,0
LF:78
LH:42
BRDA:23,0,0,1
BRDA:23,0,1,1
BRDA:47,1,0,0
BRDA:47,1,1,1
BRDA:62,2,0,0
BRDA:62,2,1,1
BRDA:105,3,0,0
BRDA:105,3,1,1
BRDA:134,4,0,0
BRDA:134,4,1,0
BRDA:139,5,0,0
BRDA:139,5,1,0
BRDA:139,5,2,0
BRDA:139,5,3,0
BRDA:142,6,0,0
BRDA:142,6,1,0
BRDA:142,6,2,0
BRDA:142,6,3,0
BRDA:146,7,0,0
BRDA:146,7,1,0
BRDA:154,8,0,0
BRDA:154,8,1,0
BRF:22
BRH:5
end_of_record
TN:
SF:model\patientModel.js
FNF:0
FNH:0
DA:4,1
LF:1
LH:1
BRF:0
BRH:0
end_of_record
TN:
SF:model\testsModel.js
FNF:0
FNH:0
DA:4,1
LF:1
LH:1
BRF:0
BRH:0
end_of_record
